2024-12-09 22-57-44-ArithmaticApp-DEBUG-Subtracting 15 - 10 = 5
2024-12-09 22-57-44-ArithmaticApp-DEBUG-Multiplying 10 * 20 = 200
2024-12-09 22-57-44-ArithmaticApp-ERROR-Division by zero error
2024-12-09 22-57-54-ArithmaticApp-DEBUG-Subtracting 15 - 10 = 5
2024-12-09 22-57-54-ArithmaticApp-DEBUG-Multiplying 10 * 20 = 200
2024-12-09 22-57-54-ArithmaticApp-ERROR-Division by zero error
2024-12-09 22-58-47-ArithmaticApp-DEBUG-Subtracting 15 - 10 = 5
2024-12-09 22-58-47-ArithmaticApp-DEBUG-Multiplying 10 * 20 = 200
2024-12-09 22-58-47-ArithmaticApp-ERROR-Division by zero error
2024-12-09 22-59-15-ArithmaticApp-DEBUG-Subtracting 15 - 10 = 5
2024-12-09 22-59-15-ArithmaticApp-DEBUG-Multiplying 10 * 20 = 200
2024-12-09 22-59-15-ArithmaticApp-ERROR-Division by zero error
2024-12-09 23-00-30-ArithmaticApp-DEBUG-Adding 10 + 15= 25
2024-12-09 23-00-30-ArithmaticApp-DEBUG-Subtracting 15 - 10 = 5
2024-12-09 23-00-30-ArithmaticApp-DEBUG-Multiplying 10 * 20 = 200
2024-12-09 23-00-30-ArithmaticApp-ERROR-Division by zero error
2024-12-09 23-00-34-ArithmaticApp-DEBUG-Adding 10 + 15= 25
2024-12-09 23-00-34-ArithmaticApp-DEBUG-Subtracting 15 - 10 = 5
2024-12-09 23-00-34-ArithmaticApp-DEBUG-Multiplying 10 * 20 = 200
2024-12-09 23-00-34-ArithmaticApp-ERROR-Division by zero error
2024-12-09 23-00-40-ArithmaticApp-DEBUG-Adding 10 + 15= 25
2024-12-09 23-00-40-ArithmaticApp-DEBUG-Subtracting 15 - 10 = 5
2024-12-09 23-00-40-ArithmaticApp-DEBUG-Multiplying 10 * 20 = 200
2024-12-09 23-00-40-ArithmaticApp-ERROR-Division by zero error
2024-12-09 23-00-42-ArithmaticApp-DEBUG-Adding 10 + 15= 25
2024-12-09 23-00-42-ArithmaticApp-DEBUG-Subtracting 15 - 10 = 5
2024-12-09 23-00-42-ArithmaticApp-DEBUG-Multiplying 10 * 20 = 200
2024-12-09 23-00-42-ArithmaticApp-ERROR-Division by zero error
2024-12-09 23-00-45-ArithmaticApp-DEBUG-Adding 10 + 15= 25
2024-12-09 23-00-45-ArithmaticApp-DEBUG-Subtracting 15 - 10 = 5
2024-12-09 23-00-45-ArithmaticApp-DEBUG-Multiplying 10 * 20 = 200
2024-12-09 23-00-45-ArithmaticApp-ERROR-Division by zero error
2024-12-09 23-01-38-ArithmaticApp-DEBUG-Adding 10 + 15= 25
2024-12-09 23-01-38-ArithmaticApp-DEBUG-Subtracting 15 - 10 = 5
2024-12-09 23-01-38-ArithmaticApp-DEBUG-Multiplying 10 * 20 = 200
2024-12-09 23-01-38-ArithmaticApp-ERROR-Division by zero error
2024-12-09 23-02-28-ArithmaticApp-DEBUG-Adding 10 + 15= 25
2024-12-09 23-02-28-ArithmaticApp-DEBUG-Subtracting 15 - 10 = 5
2024-12-09 23-02-28-ArithmaticApp-DEBUG-Multiplying 10 * 20 = 200
2024-12-09 23-02-28-ArithmaticApp-ERROR-Division by zero error
2024-12-09 23-03-38-ArithmaticApp-DEBUG-Adding 10 + 15= 25
2024-12-09 23-03-38-ArithmaticApp-DEBUG-Subtracting 15 - 10 = 5
2024-12-09 23-03-38-ArithmaticApp-DEBUG-Multiplying 10 * 20 = 200
2024-12-09 23-03-38-ArithmaticApp-DEBUG-Dividing 20 / 10 = 2.0
